Using pre-set license
Built from '2020.3/staging' branch; Version is '2020.3.30f1 (1fb1bf06830e) revision 2077119'; Using compiler version '192528614'; Build Type 'Release'
OS: 'Windows 10  (10.0.19043) 64bit Core' Language: 'ko' Physical Memory: 16316 MB
BatchMode: 1, IsHumanControllingUs: 0, StartBugReporterOnCrash: 0, Is64bit: 1, IsPro: 0

COMMAND LINE ARGUMENTS:
F:\2020.3.30f1\Editor\Unity.exe
-adb2
-batchMode
-noUpm
-name
AssetImportWorker0
-projectPath
F:/포폴폴더/Fork/SkillContest/SkillContest
-logFile
Logs/AssetImportWorker0.log
-srvPort
51418
Successfully changed project path to: F:/포폴폴더/Fork/SkillContest/SkillContest
F:/포폴폴더/Fork/SkillContest/SkillContest
Using Asset Import Pipeline V2.
Refreshing native plugins compatible for Editor in 203.12 ms, found 2 plugins.
Preloading 0 native plugins for Editor in 0.00 ms.
Initialize engine version: 2020.3.30f1 (1fb1bf06830e)
[Subsystems] Discovering subsystems at path F:/2020.3.30f1/Editor/Data/Resources/UnitySubsystems
[Subsystems] Discovering subsystems at path F:/포폴폴더/Fork/SkillContest/SkillContest/Assets
GfxDevice: creating device client; threaded=0
Direct3D:
    Version:  Direct3D 11.0 [level 11.1]
    Renderer: NVIDIA GeForce GTX 1660 (ID=0x2184)
    Vendor:   
    VRAM:     5991 MB
    Driver:   27.21.14.5671
Initialize mono
Mono path[0] = 'F:/2020.3.30f1/Editor/Data/Managed'
Mono path[1] = 'F:/2020.3.30f1/Editor/Data/MonoBleedingEdge/lib/mono/unityjit'
Mono config path = 'F:/2020.3.30f1/Editor/Data/MonoBleedingEdge/etc'
Using monoOptions --debugger-agent=transport=dt_socket,embedding=1,server=y,suspend=n,address=127.0.0.1:56832
Begin MonoManager ReloadAssembly
Registering precompiled unity dll's ...
Register platform support module: F:/2020.3.30f1/Editor/Data/PlaybackEngines/WindowsStandaloneSupport/UnityEditor.WindowsStandalone.Extensions.dll
Registered in 0.007223 seconds.
Native extension for WindowsStandalone target not found
Refreshing native plugins compatible for Editor in 67.81 ms, found 2 plugins.
Preloading 0 native plugins for Editor in 0.00 ms.
Mono: successfully reloaded assembly
- Completed reload, in  0.981 seconds
Domain Reload Profiling:
	ReloadAssembly (982ms)
		BeginReloadAssembly (215ms)
			ExecutionOrderSort (0ms)
			DisableScriptedObjects (0ms)
			BackupInstance (0ms)
			ReleaseScriptingObjects (0ms)
			CreateAndSetChildDomain (1ms)
		EndReloadAssembly (636ms)
			LoadAssemblies (207ms)
			RebuildTransferFunctionScriptingTraits (0ms)
			SetupTypeCache (202ms)
			ReleaseScriptCaches (0ms)
			RebuildScriptCaches (40ms)
			SetupLoadedEditorAssemblies (221ms)
				LogAssemblyErrors (0ms)
				InitializePlatformSupportModulesInManaged (8ms)
				SetLoadedEditorAssemblies (1ms)
				RefreshPlugins (68ms)
				BeforeProcessingInitializeOnLoad (20ms)
				ProcessInitializeOnLoadAttributes (91ms)
				ProcessInitializeOnLoadMethodAttributes (33ms)
				AfterProcessingInitializeOnLoad (0ms)
				EditorAssembliesLoaded (0ms)
			ExecutionOrderSort2 (0ms)
			AwakeInstancesAfterBackupRestoration (0ms)
Platform modules already initialized, skipping
Registering precompiled user dll's ...
Registered in 0.006220 seconds.
Begin MonoManager ReloadAssembly
Native extension for WindowsStandalone target not found
Refreshing native plugins compatible for Editor in 109.39 ms, found 2 plugins.
Preloading 0 native plugins for Editor in 0.00 ms.
Mono: successfully reloaded assembly
- Completed reload, in  2.798 seconds
Domain Reload Profiling:
	ReloadAssembly (2800ms)
		BeginReloadAssembly (378ms)
			ExecutionOrderSort (0ms)
			DisableScriptedObjects (10ms)
			BackupInstance (0ms)
			ReleaseScriptingObjects (0ms)
			CreateAndSetChildDomain (46ms)
		EndReloadAssembly (2315ms)
			LoadAssemblies (299ms)
			RebuildTransferFunctionScriptingTraits (0ms)
			SetupTypeCache (624ms)
			ReleaseScriptCaches (1ms)
			RebuildScriptCaches (107ms)
			SetupLoadedEditorAssemblies (1068ms)
				LogAssemblyErrors (0ms)
				InitializePlatformSupportModulesInManaged (25ms)
				SetLoadedEditorAssemblies (0ms)
				RefreshPlugins (110ms)
				BeforeProcessingInitializeOnLoad (233ms)
				ProcessInitializeOnLoadAttributes (611ms)
				ProcessInitializeOnLoadMethodAttributes (41ms)
				AfterProcessingInitializeOnLoad (47ms)
				EditorAssembliesLoaded (0ms)
			ExecutionOrderSort2 (0ms)
			AwakeInstancesAfterBackupRestoration (6ms)
Platform modules already initialized, skipping
========================================================================
Worker process is ready to serve import requests
Launched and connected shader compiler UnityShaderCompiler.exe after 0.11 seconds
Refreshing native plugins compatible for Editor in 1.03 ms, found 2 plugins.
Preloading 0 native plugins for Editor in 0.00 ms.
Unloading 2134 Unused Serialized files (Serialized files now loaded: 0)
System memory in use before: 99.8 MB.
System memory in use after: 99.6 MB.

Unloading 22 unused Assets to reduce memory usage. Loaded Objects now: 2574.
Total: 5.584100 ms (FindLiveObjects: 0.337700 ms CreateObjectMapping: 0.163300 ms MarkObjects: 4.645500 ms  DeleteObjects: 0.436000 ms)

AssetImportParameters requested are different than current active one (requested -> active):
  custom:framework-win-MediaFoundation: 216162199b28c13a410421893ffa2e32 -> 
  custom:video-decoder-ogg-theora: a1e56fd34408186e4bbccfd4996cb3dc -> 
  custom:container-muxer-webm: aa71ff27fc2769a1b78a27578f13a17b -> 
  custom:container-demuxer-webm: 4f35f7cbe854078d1ac9338744f61a02 -> 
  custom:container-demuxer-ogg: 62fdf1f143b41e24485cea50d1cbac27 -> 
  custom:video-encoder-webm-vp8: eb34c28f22e8b96e1ab97ce403110664 -> 
  custom:video-decoder-webm-vp8: 9c59270c3fd7afecdb556c50c9e8de78 -> 
  custom:audio-decoder-ogg-vorbis: bf7c407c2cedff20999df2af8eb42d56 -> 
  custom:audio-encoder-webm-vorbis: bf7c407c2cedff20999df2af8eb42d56 -> 
========================================================================
Received Import Request.
  path: Assets/StarterAssets/ThirdPersonController
  artifactKey: Guid(54b90d7f60b179e4e9909cd127aa060d) Importer(815301076,1909f56bfc062723c751e8b465ee728b)
Start importing Assets/StarterAssets/ThirdPersonController using Guid(54b90d7f60b179e4e9909cd127aa060d) Importer(815301076,1909f56bfc062723c751e8b465ee728b)  -> (artifact id: 'ccaca2cb3ed41389961dac8a636339e1') in 0.020080 seconds 
========================================================================
Received Import Request.
  Time since last request: 0.163812 seconds.
  path: Assets/StarterAssets/ThirdPersonController/Prefabs/MainCamera.prefab
  artifactKey: Guid(f6d148d888ffbf54b9afe9936dfaec1f) Importer(815301076,1909f56bfc062723c751e8b465ee728b)
Start importing Assets/StarterAssets/ThirdPersonController/Prefabs/MainCamera.prefab using Guid(f6d148d888ffbf54b9afe9936dfaec1f) Importer(815301076,1909f56bfc062723c751e8b465ee728b)  -> (artifact id: '586f88d8d29c921e0a70e8dc9711694a') in 0.169977 seconds 
========================================================================
Received Import Request.
  Time since last request: 82.896429 seconds.
  path: Assets/Standard Assets/Utility
  artifactKey: Guid(4539eb30e895bbb41b5eae6df2dde978) Importer(815301076,1909f56bfc062723c751e8b465ee728b)
Start importing Assets/Standard Assets/Utility using Guid(4539eb30e895bbb41b5eae6df2dde978) Importer(815301076,1909f56bfc062723c751e8b465ee728b)  -> (artifact id: 'a8c28e6f567ae02e255e31130561b338') in 0.017603 seconds 
========================================================================
Received Import Request.
  Time since last request: 6.156458 seconds.
  path: Assets/Standard Assets/2D
  artifactKey: Guid(27dbec7630294d64c9ab91261656cbd4) Importer(815301076,1909f56bfc062723c751e8b465ee728b)
Start importing Assets/Standard Assets/2D using Guid(27dbec7630294d64c9ab91261656cbd4) Importer(815301076,1909f56bfc062723c751e8b465ee728b)  -> (artifact id: '4558ddfe9ee7821b0960fe7ccca666c9') in 0.014524 seconds 
========================================================================
Received Import Request.
  Time since last request: 0.309336 seconds.
  path: Assets/Standard Assets/Cameras
  artifactKey: Guid(604bd9e7358cf48c0969f5b515a8c51c) Importer(815301076,1909f56bfc062723c751e8b465ee728b)
Start importing Assets/Standard Assets/Cameras using Guid(604bd9e7358cf48c0969f5b515a8c51c) Importer(815301076,1909f56bfc062723c751e8b465ee728b)  -> (artifact id: '8f73a2c48f2cef9490f6ca174901cc6e') in 0.017375 seconds 
========================================================================
Received Import Request.
  Time since last request: 0.327410 seconds.
  path: Assets/Standard Assets/Characters
  artifactKey: Guid(8c32f58513a41ef4dab9cb7704c5fb92) Importer(815301076,1909f56bfc062723c751e8b465ee728b)
Start importing Assets/Standard Assets/Characters using Guid(8c32f58513a41ef4dab9cb7704c5fb92) Importer(815301076,1909f56bfc062723c751e8b465ee728b)  -> (artifact id: '2ed30adbe8a1c3b5a1936a139fc95024') in 0.016646 seconds 
========================================================================
Received Import Request.
  Time since last request: 0.890875 seconds.
  path: Assets/Standard Assets/Characters/FirstPersonCharacter
  artifactKey: Guid(943e057eaae705e43b9e9b2e53d6adb0) Importer(815301076,1909f56bfc062723c751e8b465ee728b)
Start importing Assets/Standard Assets/Characters/FirstPersonCharacter using Guid(943e057eaae705e43b9e9b2e53d6adb0) Importer(815301076,1909f56bfc062723c751e8b465ee728b)  -> (artifact id: 'b076c045d807e8a0c94b3845103f6f47') in 0.013134 seconds 
========================================================================
Received Import Request.
  Time since last request: 0.943238 seconds.
  path: Assets/Standard Assets/Characters/FirstPersonCharacter/Audio
  artifactKey: Guid(2dac79461900e0f4c93561031c2e6902) Importer(815301076,1909f56bfc062723c751e8b465ee728b)
Start importing Assets/Standard Assets/Characters/FirstPersonCharacter/Audio using Guid(2dac79461900e0f4c93561031c2e6902) Importer(815301076,1909f56bfc062723c751e8b465ee728b)  -> (artifact id: '2668fe59d725663d9d47dc0c2db32d82') in 0.205063 seconds 
========================================================================
Received Import Request.
  Time since last request: 49.214519 seconds.
  path: Assets/StarterAssets/ThirdPersonController/Scenes
  artifactKey: Guid(89e5f9b6a0fcdae4e8ccb4b461925e8c) Importer(815301076,1909f56bfc062723c751e8b465ee728b)
Start importing Assets/StarterAssets/ThirdPersonController/Scenes using Guid(89e5f9b6a0fcdae4e8ccb4b461925e8c) Importer(815301076,1909f56bfc062723c751e8b465ee728b)  -> (artifact id: '66160e98a040a5a40bed15927db5fc74') in 0.015765 seconds 
========================================================================
Received Import Request.
  Time since last request: 3.271353 seconds.
  path: Assets/StarterAssets/TutorialInfo
  artifactKey: Guid(6470938f772668e469271378aa576f7c) Importer(815301076,1909f56bfc062723c751e8b465ee728b)
Start importing Assets/StarterAssets/TutorialInfo using Guid(6470938f772668e469271378aa576f7c) Importer(815301076,1909f56bfc062723c751e8b465ee728b)  -> (artifact id: '04ea4ded61f512c44a2ddcb6773ed3f8') in 0.107708 seconds 
========================================================================
Received Import Request.
  Time since last request: 10.813121 seconds.
  path: Assets/StarterAssets/ThirdPersonController/Character/Textures/Armature_Arms_Normal.tif
  artifactKey: Guid(104a45460231b8d4783e0bb2223be28c) Importer(815301076,1909f56bfc062723c751e8b465ee728b)
Start importing Assets/StarterAssets/ThirdPersonController/Character/Textures/Armature_Arms_Normal.tif using Guid(104a45460231b8d4783e0bb2223be28c) Importer(815301076,1909f56bfc062723c751e8b465ee728b)  -> (artifact id: '24e77bf75b2a852f68a3541bed44ac9c') in 0.109272 seconds 
========================================================================
Received Import Request.
  Time since last request: 0.247948 seconds.
  path: Assets/StarterAssets/ThirdPersonController/Character/Textures/Armature_Arms_AlbedoTransparency.tif
  artifactKey: Guid(c6dc62700fa06274b9608a9fce8ed21b) Importer(815301076,1909f56bfc062723c751e8b465ee728b)
Start importing Assets/StarterAssets/ThirdPersonController/Character/Textures/Armature_Arms_AlbedoTransparency.tif using Guid(c6dc62700fa06274b9608a9fce8ed21b) Importer(815301076,1909f56bfc062723c751e8b465ee728b)  -> (artifact id: '09524cadc981d3e0be4441a4bb79a716') in 0.046670 seconds 
========================================================================
Received Import Request.
  Time since last request: 57.476355 seconds.
  path: Assets/StarterAssets/Editor/PackageChecker
  artifactKey: Guid(14bd68b8c6966124487020c02c9b7f9d) Importer(815301076,1909f56bfc062723c751e8b465ee728b)
Start importing Assets/StarterAssets/Editor/PackageChecker using Guid(14bd68b8c6966124487020c02c9b7f9d) Importer(815301076,1909f56bfc062723c751e8b465ee728b)  -> (artifact id: '91d4a9daae7dc419e12827feda6948d4') in 0.014295 seconds 
========================================================================
Received Import Request.
  Time since last request: 27.993703 seconds.
  path: Assets/StarterAssets/Mobile/UI/UI_Circle_Faded.png
  artifactKey: Guid(90ded0611e490aa4ba6961afbfc2280d) Importer(815301076,1909f56bfc062723c751e8b465ee728b)
Start importing Assets/StarterAssets/Mobile/UI/UI_Circle_Faded.png using Guid(90ded0611e490aa4ba6961afbfc2280d) Importer(815301076,1909f56bfc062723c751e8b465ee728b)  -> (artifact id: 'f19a590d9accea089994b0520b583f94') in 0.174951 seconds 
========================================================================
Received Import Request.
  Time since last request: 0.261816 seconds.
  path: Assets/StarterAssets/Mobile/UI/UI_Icon_Look.png
  artifactKey: Guid(af0ae2dbf3d1efb4f82af377950704a2) Importer(815301076,1909f56bfc062723c751e8b465ee728b)
Start importing Assets/StarterAssets/Mobile/UI/UI_Icon_Look.png using Guid(af0ae2dbf3d1efb4f82af377950704a2) Importer(815301076,1909f56bfc062723c751e8b465ee728b)  -> (artifact id: 'aec1a4dc9baf44ab3bcab55732136428') in 0.038051 seconds 
========================================================================
Received Import Request.
  Time since last request: 0.331862 seconds.
  path: Assets/StarterAssets/Mobile/UI/UI_Icon_Move.png
  artifactKey: Guid(ff7bfa7addf40784d86f62b8e4a034a6) Importer(815301076,1909f56bfc062723c751e8b465ee728b)
Start importing Assets/StarterAssets/Mobile/UI/UI_Icon_Move.png using Guid(ff7bfa7addf40784d86f62b8e4a034a6) Importer(815301076,1909f56bfc062723c751e8b465ee728b)  -> (artifact id: '816b37cf18fc7b7d986ec1b0a79e7c1d') in 0.035359 seconds 
========================================================================
Received Import Request.
  Time since last request: 1.241746 seconds.
  path: Assets/StarterAssets/Mobile/UI/UI_Circle_Bevel_Base.png
  artifactKey: Guid(b74c31d447d2f5d41a61081bdf5e7126) Importer(815301076,1909f56bfc062723c751e8b465ee728b)
Start importing Assets/StarterAssets/Mobile/UI/UI_Circle_Bevel_Base.png using Guid(b74c31d447d2f5d41a61081bdf5e7126) Importer(815301076,1909f56bfc062723c751e8b465ee728b)  -> (artifact id: 'fdebb9a09220bfe0055fbb6c37f85e54') in 0.041291 seconds 
========================================================================
Received Import Request.
  Time since last request: 1.020072 seconds.
  path: Assets/StarterAssets/ThirdPersonController/Character/Materials
  artifactKey: Guid(8a0e91532ce93274fb01919ee0dda264) Importer(815301076,1909f56bfc062723c751e8b465ee728b)
Start importing Assets/StarterAssets/ThirdPersonController/Character/Materials using Guid(8a0e91532ce93274fb01919ee0dda264) Importer(815301076,1909f56bfc062723c751e8b465ee728b)  -> (artifact id: 'b70a5bdb23222dffb8fef10539283502') in 0.014566 seconds 
========================================================================
Received Import Request.
  Time since last request: 0.379470 seconds.
  path: Assets/StarterAssets/ThirdPersonController/Character/Animations
  artifactKey: Guid(478ef75e2d9612043ad9e092df040fea) Importer(815301076,1909f56bfc062723c751e8b465ee728b)
Start importing Assets/StarterAssets/ThirdPersonController/Character/Animations using Guid(478ef75e2d9612043ad9e092df040fea) Importer(815301076,1909f56bfc062723c751e8b465ee728b)  -> (artifact id: 'c0da320b70354780b08a97e15f10fa91') in 0.012140 seconds 
========================================================================
Received Import Request.
  Time since last request: 0.359464 seconds.
  path: Assets/StarterAssets/ThirdPersonController/Character/Models
  artifactKey: Guid(f99c02f4392c29d4dad06bad32b0bfb1) Importer(815301076,1909f56bfc062723c751e8b465ee728b)
Start importing Assets/StarterAssets/ThirdPersonController/Character/Models using Guid(f99c02f4392c29d4dad06bad32b0bfb1) Importer(815301076,1909f56bfc062723c751e8b465ee728b)  -> (artifact id: '3e01279d92c60e5f7261bc448b5d99b8') in 0.013083 seconds 
========================================================================
Received Import Request.
  Time since last request: 0.365944 seconds.
  path: Assets/StarterAssets/ThirdPersonController/Character/Textures
  artifactKey: Guid(940251fa621540241ab6a33c87cc8b7e) Importer(815301076,1909f56bfc062723c751e8b465ee728b)
Start importing Assets/StarterAssets/ThirdPersonController/Character/Textures using Guid(940251fa621540241ab6a33c87cc8b7e) Importer(815301076,1909f56bfc062723c751e8b465ee728b)  -> (artifact id: 'c20695d9eaef41bc89b17a781a3c0309') in 0.013994 seconds 
========================================================================
Received Import Request.
  Time since last request: 0.806316 seconds.
  path: Assets/StarterAssets/ThirdPersonController/Character/Textures/Armature_Arms_MetallicSmoothness.tif
  artifactKey: Guid(b41d630ccc344454bb1f27587f9acd70) Importer(815301076,1909f56bfc062723c751e8b465ee728b)
Start importing Assets/StarterAssets/ThirdPersonController/Character/Textures/Armature_Arms_MetallicSmoothness.tif using Guid(b41d630ccc344454bb1f27587f9acd70) Importer(815301076,1909f56bfc062723c751e8b465ee728b)  -> (artifact id: '7de8a49b9d39d5cc3a92149ba6f29319') in 0.032028 seconds 
========================================================================
Received Import Request.
  Time since last request: 1.229487 seconds.
  path: Assets/StarterAssets/ThirdPersonController/Character/Textures/Armature_Legs_Normal.tif
  artifactKey: Guid(b2c5d9c39850da946ae135dcb57faaea) Importer(815301076,1909f56bfc062723c751e8b465ee728b)
Start importing Assets/StarterAssets/ThirdPersonController/Character/Textures/Armature_Legs_Normal.tif using Guid(b2c5d9c39850da946ae135dcb57faaea) Importer(815301076,1909f56bfc062723c751e8b465ee728b)  -> (artifact id: '74eaf10cd8a1c7f674becb9167f5dc38') in 0.036253 seconds 
========================================================================
Received Import Request.
  Time since last request: 0.772740 seconds.
  path: Assets/StarterAssets/ThirdPersonController/Character/Textures/Armature_Legs_AlbedoTransparency.tif
  artifactKey: Guid(c444e3d02d2fcff4d9fe5211d67652a0) Importer(815301076,1909f56bfc062723c751e8b465ee728b)
Start importing Assets/StarterAssets/ThirdPersonController/Character/Textures/Armature_Legs_AlbedoTransparency.tif using Guid(c444e3d02d2fcff4d9fe5211d67652a0) Importer(815301076,1909f56bfc062723c751e8b465ee728b)  -> (artifact id: '693187f9138b385b601995b8228717b8') in 0.032128 seconds 
========================================================================
Received Import Request.
  Time since last request: 0.905796 seconds.
  path: Assets/StarterAssets/ThirdPersonController/Character/Textures/Armature_Body_RGB.tif
  artifactKey: Guid(a95378e0fd5828442a6ed903fb3b0bf7) Importer(815301076,1909f56bfc062723c751e8b465ee728b)
Start importing Assets/StarterAssets/ThirdPersonController/Character/Textures/Armature_Body_RGB.tif using Guid(a95378e0fd5828442a6ed903fb3b0bf7) Importer(815301076,1909f56bfc062723c751e8b465ee728b)  -> (artifact id: 'bb7f54505b8804a4260a94849c689eab') in 0.108892 seconds 
========================================================================
Received Import Request.
  Time since last request: 0.365200 seconds.
  path: Assets/StarterAssets/ThirdPersonController/Character/Textures/Armature_Body_Normal.tif
  artifactKey: Guid(2a3daea46c599324e873f935ab08000a) Importer(815301076,1909f56bfc062723c751e8b465ee728b)
Start importing Assets/StarterAssets/ThirdPersonController/Character/Textures/Armature_Body_Normal.tif using Guid(2a3daea46c599324e873f935ab08000a) Importer(815301076,1909f56bfc062723c751e8b465ee728b)  -> (artifact id: 'bc1ebfb99d9109327c19f6980d349b26') in 0.050472 seconds 
========================================================================
Received Import Request.
  Time since last request: 40.854654 seconds.
  path: Assets/Standard Assets/Utility/Prefabs
  artifactKey: Guid(b43a4ef15621158419a2b639f7a98245) Importer(815301076,1909f56bfc062723c751e8b465ee728b)
Start importing Assets/Standard Assets/Utility/Prefabs using Guid(b43a4ef15621158419a2b639f7a98245) Importer(815301076,1909f56bfc062723c751e8b465ee728b)  -> (artifact id: 'bcff79e35641baf43c286a50be3312a1') in 0.014755 seconds 
========================================================================
Received Import Request.
  Time since last request: 35.059220 seconds.
  path: Assets/Standard Assets/Editor
  artifactKey: Guid(8f7308500f322e644817ccfc3e0a17a5) Importer(815301076,1909f56bfc062723c751e8b465ee728b)
Start importing Assets/Standard Assets/Editor using Guid(8f7308500f322e644817ccfc3e0a17a5) Importer(815301076,1909f56bfc062723c751e8b465ee728b)  -> (artifact id: '527ba3f026128fbc92304e31a9286b93') in 0.016650 seconds 
========================================================================
Received Import Request.
  Time since last request: 27.656106 seconds.
  path: Assets/Standard Assets/Environment/Water
  artifactKey: Guid(4f65f58f1750429468db4bef75317815) Importer(815301076,1909f56bfc062723c751e8b465ee728b)
Start importing Assets/Standard Assets/Environment/Water using Guid(4f65f58f1750429468db4bef75317815) Importer(815301076,1909f56bfc062723c751e8b465ee728b)  -> (artifact id: '5164654320f080269a462755bc4cdf47') in 0.013728 seconds 
========================================================================
Received Import Request.
  Time since last request: 61.788913 seconds.
  path: Assets/Standard Assets/ParticleSystems/Materials/ParticleAfterburner.mat
  artifactKey: Guid(89ff19d667a6a5d4bb76df1fcb718402) Importer(815301076,1909f56bfc062723c751e8b465ee728b)
Start importing Assets/Standard Assets/ParticleSystems/Materials/ParticleAfterburner.mat using Guid(89ff19d667a6a5d4bb76df1fcb718402) Importer(815301076,1909f56bfc062723c751e8b465ee728b)  -> (artifact id: '9243e1e57862acf02a883ecd90e8fafb') in 0.356426 seconds 
========================================================================
Received Import Request.
  Time since last request: 1.571954 seconds.
  path: Assets/Standard Assets/ParticleSystems/Materials/ParticleDuststorm.mat
  artifactKey: Guid(7911795df27dd464190eed77dda90191) Importer(815301076,1909f56bfc062723c751e8b465ee728b)
Start importing Assets/Standard Assets/ParticleSystems/Materials/ParticleDuststorm.mat using Guid(7911795df27dd464190eed77dda90191) Importer(815301076,1909f56bfc062723c751e8b465ee728b)  -> (artifact id: '865e6c3f24a3896637c0d927df23c29a') in 0.081609 seconds 
========================================================================
Received Import Request.
  Time since last request: 15.962442 seconds.
  path: Assets/Standard Assets/ParticleSystems/Materials/ParticleFirework.mat
  artifactKey: Guid(9f3080141f1f64197825663e067f94f8) Importer(815301076,1909f56bfc062723c751e8b465ee728b)
Start importing Assets/Standard Assets/ParticleSystems/Materials/ParticleFirework.mat using Guid(9f3080141f1f64197825663e067f94f8) Importer(815301076,1909f56bfc062723c751e8b465ee728b)  -> (artifact id: 'c560f16144c405481accd8a4e599eda6') in 0.032800 seconds 
========================================================================
Received Import Request.
  Time since last request: 7.389218 seconds.
  path: Assets/Standard Assets/ParticleSystems/Materials/ParticleSmokeBlack.mat
  artifactKey: Guid(fc626cffedc907848a7b47b87aa5e34f) Importer(815301076,1909f56bfc062723c751e8b465ee728b)
Start importing Assets/Standard Assets/ParticleSystems/Materials/ParticleSmokeBlack.mat using Guid(fc626cffedc907848a7b47b87aa5e34f) Importer(815301076,1909f56bfc062723c751e8b465ee728b)  -> (artifact id: '2a6eb3f2c4c71df702e0c44868efbef1') in 0.044783 seconds 
========================================================================
Received Import Request.
  Time since last request: 2.343968 seconds.
  path: Assets/Standard Assets/ParticleSystems/Materials/ParticleSteam.mat
  artifactKey: Guid(60d4adad90a8b164abbb7d8ff5b4118a) Importer(815301076,1909f56bfc062723c751e8b465ee728b)
Start importing Assets/Standard Assets/ParticleSystems/Materials/ParticleSteam.mat using Guid(60d4adad90a8b164abbb7d8ff5b4118a) Importer(815301076,1909f56bfc062723c751e8b465ee728b)  -> (artifact id: '4c8932bf70849ab775b1bc05e30da59d') in 0.029637 seconds 
========================================================================
Received Import Request.
  Time since last request: 5.918101 seconds.
  path: Assets/Standard Assets/ParticleSystems/Materials/ParticleSteamMobile.mat
  artifactKey: Guid(ed1b89d39279f564ea077ad8e46f3595) Importer(815301076,1909f56bfc062723c751e8b465ee728b)
Start importing Assets/Standard Assets/ParticleSystems/Materials/ParticleSteamMobile.mat using Guid(ed1b89d39279f564ea077ad8e46f3595) Importer(815301076,1909f56bfc062723c751e8b465ee728b)  -> (artifact id: 'dc92e9ecb50cb3d37e259baf9a08b5c4') in 0.032370 seconds 
========================================================================
Received Import Request.
  Time since last request: 1.854415 seconds.
  path: Assets/Standard Assets/ParticleSystems/Materials/ParticleSmokeWhite.mat
  artifactKey: Guid(c50d77affeb31e14c9c062c282f13fc8) Importer(815301076,1909f56bfc062723c751e8b465ee728b)
Start importing Assets/Standard Assets/ParticleSystems/Materials/ParticleSmokeWhite.mat using Guid(c50d77affeb31e14c9c062c282f13fc8) Importer(815301076,1909f56bfc062723c751e8b465ee728b)  -> (artifact id: 'c7f1eb6f5f3911fca3edff9c0cd59a33') in 0.036603 seconds 
========================================================================
Received Import Request.
  Time since last request: 10.513022 seconds.
  path: Assets/Standard Assets/Effects/GlassRefraction/Materials
  artifactKey: Guid(db69b3da6ede2444b92c479f24b48999) Importer(815301076,1909f56bfc062723c751e8b465ee728b)
Start importing Assets/Standard Assets/Effects/GlassRefraction/Materials using Guid(db69b3da6ede2444b92c479f24b48999) Importer(815301076,1909f56bfc062723c751e8b465ee728b)  -> (artifact id: '73a5c8f389a278962b8b65b6b9cebea4') in 0.013060 seconds 
========================================================================
Received Import Request.
  Time since last request: 1.451094 seconds.
  path: Assets/Standard Assets/Effects/GlassRefraction/Shaders
  artifactKey: Guid(194c5f733c7534ed790e101791e86518) Importer(815301076,1909f56bfc062723c751e8b465ee728b)
Start importing Assets/Standard Assets/Effects/GlassRefraction/Shaders using Guid(194c5f733c7534ed790e101791e86518) Importer(815301076,1909f56bfc062723c751e8b465ee728b)  -> (artifact id: 'df2ec63611a087a35e1e36a655100496') in 0.013932 seconds 
========================================================================
Received Import Request.
  Time since last request: 1.118176 seconds.
  path: Assets/Standard Assets/Effects/LightCookies
  artifactKey: Guid(794a3489a6afd4daf80d98a5844341b9) Importer(815301076,1909f56bfc062723c751e8b465ee728b)
Start importing Assets/Standard Assets/Effects/LightCookies using Guid(794a3489a6afd4daf80d98a5844341b9) Importer(815301076,1909f56bfc062723c751e8b465ee728b)  -> (artifact id: '2c0679da2b344c2647be82ad51b14109') in 0.017505 seconds 
========================================================================
Received Import Request.
  Time since last request: 3.738719 seconds.
  path: Assets/Standard Assets/Effects/Projectors/Prefabs
  artifactKey: Guid(b6b64336cd6795c4daf856f275c23f7c) Importer(815301076,1909f56bfc062723c751e8b465ee728b)
Start importing Assets/Standard Assets/Effects/Projectors/Prefabs using Guid(b6b64336cd6795c4daf856f275c23f7c) Importer(815301076,1909f56bfc062723c751e8b465ee728b)  -> (artifact id: '78b0213591e39adf3335d6b5da5333c2') in 0.013986 seconds 
========================================================================
Received Import Request.
  Time since last request: 9.258874 seconds.
  path: Assets/Standard Assets/Characters/RollerBall/Materials
  artifactKey: Guid(41db8cbfecdbdb54ab2bac971c05547a) Importer(815301076,1909f56bfc062723c751e8b465ee728b)
Start importing Assets/Standard Assets/Characters/RollerBall/Materials using Guid(41db8cbfecdbdb54ab2bac971c05547a) Importer(815301076,1909f56bfc062723c751e8b465ee728b)  -> (artifact id: 'cd25c93a5a7a600caaf934c132d678c5') in 0.015773 seconds 
========================================================================
Received Import Request.
  Time since last request: 32.315706 seconds.
  path: Assets/Standard Assets/Fonts/OpenSans
  artifactKey: Guid(c32de72f872aad9448b3118fda0231fb) Importer(815301076,1909f56bfc062723c751e8b465ee728b)
Start importing Assets/Standard Assets/Fonts/OpenSans using Guid(c32de72f872aad9448b3118fda0231fb) Importer(815301076,1909f56bfc062723c751e8b465ee728b)  -> (artifact id: '8a2292227b69c5bcb3c7d976df38d552') in 0.014507 seconds 
========================================================================
Received Import Request.
  Time since last request: 3.854267 seconds.
  path: Assets/Standard Assets/Vehicles
  artifactKey: Guid(91c9eb0d68c3aa9468278099737303a2) Importer(815301076,1909f56bfc062723c751e8b465ee728b)
Start importing Assets/Standard Assets/Vehicles using Guid(91c9eb0d68c3aa9468278099737303a2) Importer(815301076,1909f56bfc062723c751e8b465ee728b)  -> (artifact id: '74992b2785e5f549b6b8aeb9424c9ce2') in 0.015044 seconds 
========================================================================
Received Import Request.
  Time since last request: 1.187989 seconds.
  path: Assets/Standard Assets/PhysicsMaterials
  artifactKey: Guid(5eebb5849c50a2c4ea24ded96e6f3aac) Importer(815301076,1909f56bfc062723c751e8b465ee728b)
Start importing Assets/Standard Assets/PhysicsMaterials using Guid(5eebb5849c50a2c4ea24ded96e6f3aac) Importer(815301076,1909f56bfc062723c751e8b465ee728b)  -> (artifact id: 'fa481b28a8e525fc0e108fef3e40c030') in 0.013569 seconds 
========================================================================
Received Import Request.
  Time since last request: 0.323033 seconds.
  path: Assets/Standard Assets/Fonts
  artifactKey: Guid(5d757120c2679c94f95bbb8c06341f10) Importer(815301076,1909f56bfc062723c751e8b465ee728b)
Start importing Assets/Standard Assets/Fonts using Guid(5d757120c2679c94f95bbb8c06341f10) Importer(815301076,1909f56bfc062723c751e8b465ee728b)  -> (artifact id: '1046e24c5cd05ff1018a5e5484bbad3e') in 0.014284 seconds 
========================================================================
Received Import Request.
  Time since last request: 0.275931 seconds.
  path: Assets/Standard Assets/Environment
  artifactKey: Guid(6ca8c4e270f964e0da9f731d7d34b123) Importer(815301076,1909f56bfc062723c751e8b465ee728b)
Start importing Assets/Standard Assets/Environment using Guid(6ca8c4e270f964e0da9f731d7d34b123) Importer(815301076,1909f56bfc062723c751e8b465ee728b)  -> (artifact id: '44de2c96d9c77c136061e3dedd61c662') in 0.013740 seconds 
========================================================================
Received Import Request.
  Time since last request: 0.957794 seconds.
  path: Assets/Standard Assets/CrossPlatformInput
  artifactKey: Guid(710bc43f80d178548bd226c252c8e65b) Importer(815301076,1909f56bfc062723c751e8b465ee728b)
Start importing Assets/Standard Assets/CrossPlatformInput using Guid(710bc43f80d178548bd226c252c8e65b) Importer(815301076,1909f56bfc062723c751e8b465ee728b)  -> (artifact id: '1f66bce4a2ab0d02724fdb2eb4565f8c') in 0.024067 seconds 
========================================================================
Received Import Request.
  Time since last request: 2.086354 seconds.
  path: Assets/Standard Assets
  artifactKey: Guid(c6195a43a0187a34e9c6be23520d3766) Importer(815301076,1909f56bfc062723c751e8b465ee728b)
Start importing Assets/Standard Assets using Guid(c6195a43a0187a34e9c6be23520d3766) Importer(815301076,1909f56bfc062723c751e8b465ee728b)  -> (artifact id: '3dde5de66680e5b3784f3a17ea7ab6c4') in 0.011184 seconds 
========================================================================
Received Import Request.
  Time since last request: 17.335569 seconds.
  path: Assets/StarterAssets/Environment/Art/Textures/Grid_01_Emissive.png
  artifactKey: Guid(d4d6919451fe3e24388816386a6d15a4) Importer(815301076,1909f56bfc062723c751e8b465ee728b)
Start importing Assets/StarterAssets/Environment/Art/Textures/Grid_01_Emissive.png using Guid(d4d6919451fe3e24388816386a6d15a4) Importer(815301076,1909f56bfc062723c751e8b465ee728b)  -> (artifact id: 'c04b77f1d61b4051d6959bc7e6f9e442') in 0.024541 seconds 
========================================================================
Received Import Request.
  Time since last request: 101.180289 seconds.
  path: Assets/Scenes
  artifactKey: Guid(1f9771477a04d7f4d8dae5d5434a55de) Importer(815301076,1909f56bfc062723c751e8b465ee728b)
Start importing Assets/Scenes using Guid(1f9771477a04d7f4d8dae5d5434a55de) Importer(815301076,1909f56bfc062723c751e8b465ee728b)  -> (artifact id: '413f1f5cf1d55d454db82598bf10b538') in 0.018343 seconds 
========================================================================
Received Import Request.
  Time since last request: 52.827218 seconds.
  path: Assets/SampleScenes/Prefabs
  artifactKey: Guid(139086bdd1c7fd84b81df0968a55ce2d) Importer(815301076,1909f56bfc062723c751e8b465ee728b)
Start importing Assets/SampleScenes/Prefabs using Guid(139086bdd1c7fd84b81df0968a55ce2d) Importer(815301076,1909f56bfc062723c751e8b465ee728b)  -> (artifact id: '3414039c43d6337b2791243f445f5cf7') in 0.013856 seconds 
========================================================================
Received Prepare
Registering precompiled user dll's ...
Registered in 0.005709 seconds.
Begin MonoManager ReloadAssembly
Native extension for WindowsStandalone target not found
Refreshing native plugins compatible for Editor in 1.11 ms, found 2 plugins.
Preloading 0 native plugins for Editor in 0.00 ms.
[ScriptCompilation] NOT recompiling all scripts because this is an import worker process. Reason to compile was: Define symbols changed
Mono: successfully reloaded assembly
- Completed reload, in  1.531 seconds
Domain Reload Profiling:
	ReloadAssembly (1533ms)
		BeginReloadAssembly (235ms)
			ExecutionOrderSort (0ms)
			DisableScriptedObjects (5ms)
			BackupInstance (0ms)
			ReleaseScriptingObjects (0ms)
			CreateAndSetChildDomain (39ms)
		EndReloadAssembly (1211ms)
			LoadAssemblies (222ms)
			RebuildTransferFunctionScriptingTraits (0ms)
			SetupTypeCache (326ms)
			ReleaseScriptCaches (1ms)
			RebuildScriptCaches (64ms)
			SetupLoadedEditorAssemblies (541ms)
				LogAssemblyErrors (0ms)
				InitializePlatformSupportModulesInManaged (5ms)
				SetLoadedEditorAssemblies (1ms)
				RefreshPlugins (1ms)
				BeforeProcessingInitializeOnLoad (93ms)
				ProcessInitializeOnLoadAttributes (315ms)
				ProcessInitializeOnLoadMethodAttributes (19ms)
				AfterProcessingInitializeOnLoad (107ms)
				EditorAssembliesLoaded (1ms)
			ExecutionOrderSort2 (0ms)
			AwakeInstancesAfterBackupRestoration (15ms)
Platform modules already initialized, skipping
Refreshing native plugins compatible for Editor in 0.59 ms, found 2 plugins.
Preloading 0 native plugins for Editor in 0.00 ms.
Unloading 2105 Unused Serialized files (Serialized files now loaded: 0)
System memory in use before: 101.2 MB.
System memory in use after: 101.0 MB.

Unloading 16 unused Assets to reduce memory usage. Loaded Objects now: 2625.
Total: 3.839200 ms (FindLiveObjects: 0.173100 ms CreateObjectMapping: 0.083200 ms MarkObjects: 3.146100 ms  DeleteObjects: 0.435200 ms)

AssetImportParameters requested are different than current active one (requested -> active):
  custom:framework-win-MediaFoundation: 216162199b28c13a410421893ffa2e32 -> 
  custom:video-decoder-ogg-theora: a1e56fd34408186e4bbccfd4996cb3dc -> 
  custom:container-muxer-webm: aa71ff27fc2769a1b78a27578f13a17b -> 
  custom:container-demuxer-webm: 4f35f7cbe854078d1ac9338744f61a02 -> 
  custom:container-demuxer-ogg: 62fdf1f143b41e24485cea50d1cbac27 -> 
  custom:video-encoder-webm-vp8: eb34c28f22e8b96e1ab97ce403110664 -> 
  custom:video-decoder-webm-vp8: 9c59270c3fd7afecdb556c50c9e8de78 -> 
  custom:audio-decoder-ogg-vorbis: bf7c407c2cedff20999df2af8eb42d56 -> 
  custom:audio-encoder-webm-vorbis: bf7c407c2cedff20999df2af8eb42d56 -> 
========================================================================
Received Import Request.
  Time since last request: 228.794062 seconds.
  path: Assets/SampleScenes/Scenes/AircraftJet2Axis.unity
  artifactKey: Guid(1648d99da5b4a7c4582afcd4b5660f01) Importer(815301076,1909f56bfc062723c751e8b465ee728b)
Start importing Assets/SampleScenes/Scenes/AircraftJet2Axis.unity using Guid(1648d99da5b4a7c4582afcd4b5660f01) Importer(815301076,1909f56bfc062723c751e8b465ee728b)  -> (artifact id: 'a8e5c30dee413d596baf3899a9d9e7e4') in 0.027733 seconds 
========================================================================
Received Import Request.
  Time since last request: 0.271131 seconds.
  path: Assets/SampleScenes/Scenes/2dCharacter.unity
  artifactKey: Guid(e64703861e6c7d748bab0c2dee48b08d) Importer(815301076,1909f56bfc062723c751e8b465ee728b)
Start importing Assets/SampleScenes/Scenes/2dCharacter.unity using Guid(e64703861e6c7d748bab0c2dee48b08d) Importer(815301076,1909f56bfc062723c751e8b465ee728b)  -> (artifact id: 'd7670b09dee083d1e9c342302b0cc87d') in 0.021877 seconds 
========================================================================
Received Prepare
Registering precompiled user dll's ...
Registered in 0.010745 seconds.
Begin MonoManager ReloadAssembly
Native extension for WindowsStandalone target not found
Refreshing native plugins compatible for Editor in 1.67 ms, found 2 plugins.
Preloading 0 native plugins for Editor in 0.00 ms.
Mono: successfully reloaded assembly
- Completed reload, in  2.669 seconds
Domain Reload Profiling:
	ReloadAssembly (2671ms)
		BeginReloadAssembly (516ms)
			ExecutionOrderSort (0ms)
			DisableScriptedObjects (8ms)
			BackupInstance (0ms)
			ReleaseScriptingObjects (0ms)
			CreateAndSetChildDomain (92ms)
		EndReloadAssembly (1993ms)
			LoadAssemblies (478ms)
			RebuildTransferFunctionScriptingTraits (0ms)
			SetupTypeCache (906ms)
			ReleaseScriptCaches (1ms)
			RebuildScriptCaches (64ms)
			SetupLoadedEditorAssemblies (644ms)
				LogAssemblyErrors (0ms)
				InitializePlatformSupportModulesInManaged (6ms)
				SetLoadedEditorAssemblies (1ms)
				RefreshPlugins (2ms)
				BeforeProcessingInitializeOnLoad (185ms)
				ProcessInitializeOnLoadAttributes (405ms)
				ProcessInitializeOnLoadMethodAttributes (16ms)
				AfterProcessingInitializeOnLoad (29ms)
				EditorAssembliesLoaded (1ms)
			ExecutionOrderSort2 (0ms)
			AwakeInstancesAfterBackupRestoration (10ms)
Platform modules already initialized, skipping
Refreshing native plugins compatible for Editor in 0.94 ms, found 2 plugins.
Preloading 0 native plugins for Editor in 0.00 ms.
Unloading 2105 Unused Serialized files (Serialized files now loaded: 0)
System memory in use before: 101.3 MB.
System memory in use after: 101.0 MB.

Unloading 15 unused Assets to reduce memory usage. Loaded Objects now: 2627.
Total: 6.201600 ms (FindLiveObjects: 0.487900 ms CreateObjectMapping: 0.364400 ms MarkObjects: 4.895500 ms  DeleteObjects: 0.452000 ms)

AssetImportParameters requested are different than current active one (requested -> active):
  custom:framework-win-MediaFoundation: 216162199b28c13a410421893ffa2e32 -> 
  custom:video-decoder-ogg-theora: a1e56fd34408186e4bbccfd4996cb3dc -> 
  custom:container-muxer-webm: aa71ff27fc2769a1b78a27578f13a17b -> 
  custom:container-demuxer-webm: 4f35f7cbe854078d1ac9338744f61a02 -> 
  custom:container-demuxer-ogg: 62fdf1f143b41e24485cea50d1cbac27 -> 
  custom:video-encoder-webm-vp8: eb34c28f22e8b96e1ab97ce403110664 -> 
  custom:video-decoder-webm-vp8: 9c59270c3fd7afecdb556c50c9e8de78 -> 
  custom:audio-decoder-ogg-vorbis: bf7c407c2cedff20999df2af8eb42d56 -> 
  custom:audio-encoder-webm-vorbis: bf7c407c2cedff20999df2af8eb42d56 -> 
========================================================================
Received Import Request.
  Time since last request: 105.692958 seconds.
  path: Assets/Standard Assets/CrossPlatformInput/Prefabs/MobileAircraftControls.prefab
  artifactKey: Guid(3369231b1ed7ad34e84d9240a571db81) Importer(815301076,1909f56bfc062723c751e8b465ee728b)
Start importing Assets/Standard Assets/CrossPlatformInput/Prefabs/MobileAircraftControls.prefab using Guid(3369231b1ed7ad34e84d9240a571db81) Importer(815301076,1909f56bfc062723c751e8b465ee728b)  -> (artifact id: '357cdb72234640ebbddc86475656fb6f') in 0.066371 seconds 
========================================================================
Received Import Request.
  Time since last request: 3.833067 seconds.
  path: Assets/SampleScenes/Scenes/AircraftPropeller4Axis.unity
  artifactKey: Guid(5bda8cddff6467b49826e3ff2a374f49) Importer(815301076,1909f56bfc062723c751e8b465ee728b)
Start importing Assets/SampleScenes/Scenes/AircraftPropeller4Axis.unity using Guid(5bda8cddff6467b49826e3ff2a374f49) Importer(815301076,1909f56bfc062723c751e8b465ee728b)  -> (artifact id: 'cd0975708855dd7fddb2b5f031cf0878') in 0.014801 seconds 
========================================================================
Received Import Request.
  Time since last request: 40.482801 seconds.
  path: Assets/SampleScenes/Navmesh
  artifactKey: Guid(4014c75d332963b40a9724fb931da32e) Importer(815301076,1909f56bfc062723c751e8b465ee728b)
Start importing Assets/SampleScenes/Navmesh using Guid(4014c75d332963b40a9724fb931da32e) Importer(815301076,1909f56bfc062723c751e8b465ee728b)  -> (artifact id: '5279ff8564f965d7056c21cd9c266a7e') in 0.013939 seconds 
========================================================================
Received Import Request.
  Time since last request: 32.214745 seconds.
  path: Assets/SampleScenes/Scripts
  artifactKey: Guid(6b3da2c3291b36b4c9d431fad18e9b0f) Importer(815301076,1909f56bfc062723c751e8b465ee728b)
Start importing Assets/SampleScenes/Scripts using Guid(6b3da2c3291b36b4c9d431fad18e9b0f) Importer(815301076,1909f56bfc062723c751e8b465ee728b)  -> (artifact id: '6f604ca5bad9213fd615b30d0d19e73b') in 0.013350 seconds 
========================================================================
Received Import Request.
  Time since last request: 0.417293 seconds.
  path: Assets/SampleScenes/AudioMixers
  artifactKey: Guid(4cc86340a16bb438d8425798fd38fd8f) Importer(815301076,1909f56bfc062723c751e8b465ee728b)
Start importing Assets/SampleScenes/AudioMixers using Guid(4cc86340a16bb438d8425798fd38fd8f) Importer(815301076,1909f56bfc062723c751e8b465ee728b)  -> (artifact id: '261971c822b520e8f39c948ae9f73b46') in 0.014524 seconds 
========================================================================
Received Import Request.
  Time since last request: 0.236827 seconds.
  path: Assets/SampleScenes
  artifactKey: Guid(3d8829ac873af27488b1412b8db301ab) Importer(815301076,1909f56bfc062723c751e8b465ee728b)
Start importing Assets/SampleScenes using Guid(3d8829ac873af27488b1412b8db301ab) Importer(815301076,1909f56bfc062723c751e8b465ee728b)  -> (artifact id: 'ef1142f46e2c410b6040e8c75a1090c0') in 0.013726 seconds 
========================================================================
Received Import Request.
  Time since last request: 2.279462 seconds.
  path: Assets
  artifactKey: Guid(00000000000000001000000000000000) Importer(815301076,1909f56bfc062723c751e8b465ee728b)
Start importing Assets using Guid(00000000000000001000000000000000) Importer(815301076,1909f56bfc062723c751e8b465ee728b)  -> (artifact id: '42d402b061de3733987d63b9cc3b64de') in 0.013879 seconds 
========================================================================
Received Import Request.
  Time since last request: 3.955749 seconds.
  path: Assets/SampleScenes/Scenes
  artifactKey: Guid(26c0bbb8e6792b546bf28bbe08d7c96d) Importer(815301076,1909f56bfc062723c751e8b465ee728b)
Start importing Assets/SampleScenes/Scenes using Guid(26c0bbb8e6792b546bf28bbe08d7c96d) Importer(815301076,1909f56bfc062723c751e8b465ee728b)  -> (artifact id: '29f8b2d773b757a8835e29fd9ddb7b09') in 0.013505 seconds 
========================================================================
Received Import Request.
  Time since last request: 4.316899 seconds.
  path: Assets/SampleScenes/Scenes/CarAIWaypointBased.unity
  artifactKey: Guid(81ce53b350e0a3247ae838c0d57967ab) Importer(815301076,1909f56bfc062723c751e8b465ee728b)
Start importing Assets/SampleScenes/Scenes/CarAIWaypointBased.unity using Guid(81ce53b350e0a3247ae838c0d57967ab) Importer(815301076,1909f56bfc062723c751e8b465ee728b)  -> (artifact id: 'a958a00537260bed172247b70b3fcdb8') in 0.013937 seconds 
========================================================================
Received Import Request.
  Time since last request: 0.829049 seconds.
  path: Assets/SampleScenes/Scenes/AircraftJetAI.unity
  artifactKey: Guid(363861c29c39f0e4bb36d75975950302) Importer(815301076,1909f56bfc062723c751e8b465ee728b)
Start importing Assets/SampleScenes/Scenes/AircraftJetAI.unity using Guid(363861c29c39f0e4bb36d75975950302) Importer(815301076,1909f56bfc062723c751e8b465ee728b)  -> (artifact id: 'eb667ddfc651278dc5c163ac285038b0') in 0.013312 seconds 
========================================================================
Received Import Request.
  Time since last request: 118.669539 seconds.
  path: Assets/Standard Assets/Vehicles/Aircraft/Audio/FlightWind.wav
  artifactKey: Guid(38d4d0ff7855e984285fbf430385b2aa) Importer(815301076,1909f56bfc062723c751e8b465ee728b)
Start importing Assets/Standard Assets/Vehicles/Aircraft/Audio/FlightWind.wav using Guid(38d4d0ff7855e984285fbf430385b2aa) Importer(815301076,1909f56bfc062723c751e8b465ee728b)  -> (artifact id: '6b4b3c4fb3686ff84e07514c8118e1bc') in 0.086942 seconds 
========================================================================
Received Import Request.
  Time since last request: 0.344882 seconds.
  path: Assets/Standard Assets/Vehicles/Aircraft/Audio/JetEngine.wav
  artifactKey: Guid(9db9336e9f17c9744847c5fe94c1650f) Importer(815301076,1909f56bfc062723c751e8b465ee728b)
Start importing Assets/Standard Assets/Vehicles/Aircraft/Audio/JetEngine.wav using Guid(9db9336e9f17c9744847c5fe94c1650f) Importer(815301076,1909f56bfc062723c751e8b465ee728b)  -> (artifact id: 'ff87968a1b97ce238f795aff93679796') in 0.025042 seconds 
========================================================================
Received Import Request.
  Time since last request: 7.388762 seconds.
  path: Assets/Standard Assets/Vehicles/Aircraft/Audio/PropellerEngine.wav
  artifactKey: Guid(f1fa78c409ee9704598f300b09f6117d) Importer(815301076,1909f56bfc062723c751e8b465ee728b)
Start importing Assets/Standard Assets/Vehicles/Aircraft/Audio/PropellerEngine.wav using Guid(f1fa78c409ee9704598f300b09f6117d) Importer(815301076,1909f56bfc062723c751e8b465ee728b)  -> (artifact id: 'a0f9b07d4cec0c5d9b6a122462fb0eb7') in 0.025161 seconds 
========================================================================
Received Import Request.
  Time since last request: 10.305496 seconds.
  path: Assets/Standard Assets/Vehicles/Aircraft/Textures
  artifactKey: Guid(d1f3f2bdf792f6f47a2e3456646041e5) Importer(815301076,1909f56bfc062723c751e8b465ee728b)
Start importing Assets/Standard Assets/Vehicles/Aircraft/Textures using Guid(d1f3f2bdf792f6f47a2e3456646041e5) Importer(815301076,1909f56bfc062723c751e8b465ee728b)  -> (artifact id: 'eb707a50e6407380ba754e7c86ffc120') in 0.014972 seconds 
========================================================================
Received Prepare
Registering precompiled user dll's ...
Registered in 0.023986 seconds.
Begin MonoManager ReloadAssembly
Native extension for WindowsStandalone target not found
Refreshing native plugins compatible for Editor in 0.61 ms, found 2 plugins.
Preloading 0 native plugins for Editor in 0.00 ms.
Mono: successfully reloaded assembly
- Completed reload, in  1.273 seconds
Domain Reload Profiling:
	ReloadAssembly (1274ms)
		BeginReloadAssembly (245ms)
			ExecutionOrderSort (0ms)
			DisableScriptedObjects (5ms)
			BackupInstance (0ms)
			ReleaseScriptingObjects (0ms)
			CreateAndSetChildDomain (43ms)
		EndReloadAssembly (940ms)
			LoadAssemblies (227ms)
			RebuildTransferFunctionScriptingTraits (0ms)
			SetupTypeCache (313ms)
			ReleaseScriptCaches (1ms)
			RebuildScriptCaches (42ms)
			SetupLoadedEditorAssemblies (362ms)
				LogAssemblyErrors (0ms)
				InitializePlatformSupportModulesInManaged (4ms)
				SetLoadedEditorAssemblies (0ms)
				RefreshPlugins (1ms)
				BeforeProcessingInitializeOnLoad (88ms)
				ProcessInitializeOnLoadAttributes (244ms)
				ProcessInitializeOnLoadMethodAttributes (11ms)
				AfterProcessingInitializeOnLoad (14ms)
				EditorAssembliesLoaded (0ms)
			ExecutionOrderSort2 (0ms)
			AwakeInstancesAfterBackupRestoration (7ms)
Platform modules already initialized, skipping
Refreshing native plugins compatible for Editor in 0.77 ms, found 2 plugins.
Preloading 0 native plugins for Editor in 0.00 ms.
Unloading 2105 Unused Serialized files (Serialized files now loaded: 0)
System memory in use before: 101.4 MB.
System memory in use after: 101.1 MB.

Unloading 15 unused Assets to reduce memory usage. Loaded Objects now: 2632.
Total: 4.064200 ms (FindLiveObjects: 0.326200 ms CreateObjectMapping: 0.187300 ms MarkObjects: 3.230100 ms  DeleteObjects: 0.319400 ms)

AssetImportParameters requested are different than current active one (requested -> active):
  custom:framework-win-MediaFoundation: 216162199b28c13a410421893ffa2e32 -> 
  custom:video-decoder-ogg-theora: a1e56fd34408186e4bbccfd4996cb3dc -> 
  custom:container-muxer-webm: aa71ff27fc2769a1b78a27578f13a17b -> 
  custom:container-demuxer-webm: 4f35f7cbe854078d1ac9338744f61a02 -> 
  custom:container-demuxer-ogg: 62fdf1f143b41e24485cea50d1cbac27 -> 
  custom:video-encoder-webm-vp8: eb34c28f22e8b96e1ab97ce403110664 -> 
  custom:video-decoder-webm-vp8: 9c59270c3fd7afecdb556c50c9e8de78 -> 
  custom:audio-decoder-ogg-vorbis: bf7c407c2cedff20999df2af8eb42d56 -> 
  custom:audio-encoder-webm-vorbis: bf7c407c2cedff20999df2af8eb42d56 -> 
========================================================================
Received Import Request.
  Time since last request: 195.563362 seconds.
  path: Assets/Standard Assets/PhysicsMaterials/Ice.physicmaterial
  artifactKey: Guid(ba92fb44336020f40bdf294bb66bc9da) Importer(815301076,1909f56bfc062723c751e8b465ee728b)
Start importing Assets/Standard Assets/PhysicsMaterials/Ice.physicmaterial using Guid(ba92fb44336020f40bdf294bb66bc9da) Importer(815301076,1909f56bfc062723c751e8b465ee728b)  -> (artifact id: 'c5704ee759da82a3b18d79a7bf7ec4c1') in 0.030698 seconds 
========================================================================
Received Import Request.
  Time since last request: 0.502501 seconds.
  path: Assets/Standard Assets/PhysicsMaterials/Bouncy.physicmaterial
  artifactKey: Guid(9f93f63d068b08c459038c40fce897d8) Importer(815301076,1909f56bfc062723c751e8b465ee728b)
Start importing Assets/Standard Assets/PhysicsMaterials/Bouncy.physicmaterial using Guid(9f93f63d068b08c459038c40fce897d8) Importer(815301076,1909f56bfc062723c751e8b465ee728b)  -> (artifact id: '1e07dac7eeb90c2b85db4c636021be61') in 0.013791 seconds 
========================================================================
Received Import Request.
  Time since last request: 4.299626 seconds.
  path: Assets/Standard Assets/CrossPlatformInput/Scripts/TouchPad.cs
  artifactKey: Guid(1caf40fc8bebb6b43b2550c05ca791d6) Importer(815301076,1909f56bfc062723c751e8b465ee728b)
Start importing Assets/Standard Assets/CrossPlatformInput/Scripts/TouchPad.cs using Guid(1caf40fc8bebb6b43b2550c05ca791d6) Importer(815301076,1909f56bfc062723c751e8b465ee728b)  -> (artifact id: 'a9afdbad93396f80fcf763b0afc62cbc') in 0.021988 seconds 
========================================================================
Received Import Request.
  Time since last request: 0.973593 seconds.
  path: Assets/Standard Assets/CrossPlatformInput/Prefabs/DualTouchControls.prefab
  artifactKey: Guid(2169821f0567671499a5c10104c69c24) Importer(815301076,1909f56bfc062723c751e8b465ee728b)
Start importing Assets/Standard Assets/CrossPlatformInput/Prefabs/DualTouchControls.prefab using Guid(2169821f0567671499a5c10104c69c24) Importer(815301076,1909f56bfc062723c751e8b465ee728b)  -> (artifact id: '81543fc82716febe0102de49dfe0a993') in 0.049478 seconds 
========================================================================
Received Import Request.
  Time since last request: 0.449268 seconds.
  path: Assets/Standard Assets/CrossPlatformInput/Prefabs/MobileSingleStickControl.prefab
  artifactKey: Guid(9529ecc3d479da5499993355e6c2cb4f) Importer(815301076,1909f56bfc062723c751e8b465ee728b)
Start importing Assets/Standard Assets/CrossPlatformInput/Prefabs/MobileSingleStickControl.prefab using Guid(9529ecc3d479da5499993355e6c2cb4f) Importer(815301076,1909f56bfc062723c751e8b465ee728b)  -> (artifact id: '9051d41c4f11a28ce176034ff93648ec') in 0.020490 seconds 
========================================================================
Received Import Request.
  Time since last request: 11.297746 seconds.
  path: Assets/SampleScenes/AudioMixers/Car.mixer
  artifactKey: Guid(cc0bf72c5763743468b1ee3d764d3d04) Importer(815301076,1909f56bfc062723c751e8b465ee728b)
Start importing Assets/SampleScenes/AudioMixers/Car.mixer using Guid(cc0bf72c5763743468b1ee3d764d3d04) Importer(815301076,1909f56bfc062723c751e8b465ee728b)  -> (artifact id: '8fe3fc03b2161e8a096ea4d0ab6df79f') in 0.018000 seconds 
========================================================================
Received Import Request.
  Time since last request: 5.412697 seconds.
  path: Assets/SampleScenes/AudioMixers/JetPlane.mixer
  artifactKey: Guid(e21d59315859b4f288500f0a7167ebe7) Importer(815301076,1909f56bfc062723c751e8b465ee728b)
Start importing Assets/SampleScenes/AudioMixers/JetPlane.mixer using Guid(e21d59315859b4f288500f0a7167ebe7) Importer(815301076,1909f56bfc062723c751e8b465ee728b)  -> (artifact id: '2e8e7a899972758a0fb0a34aeb84b287') in 0.014897 seconds 
========================================================================
Received Import Request.
  Time since last request: 1.011735 seconds.
  path: Assets/SampleScenes/Materials
  artifactKey: Guid(35e5b60069b1d4945af0cbaefb902d02) Importer(815301076,1909f56bfc062723c751e8b465ee728b)
Start importing Assets/SampleScenes/Materials using Guid(35e5b60069b1d4945af0cbaefb902d02) Importer(815301076,1909f56bfc062723c751e8b465ee728b)  -> (artifact id: 'a5c00134e3a9096303447d4164deab4f') in 0.012268 seconds 
========================================================================
Received Prepare
Registering precompiled user dll's ...
Registered in 0.022681 seconds.
Begin MonoManager ReloadAssembly
Native extension for WindowsStandalone target not found
Refreshing native plugins compatible for Editor in 0.82 ms, found 2 plugins.
Preloading 0 native plugins for Editor in 0.00 ms.
Mono: successfully reloaded assembly
- Completed reload, in  1.315 seconds
Domain Reload Profiling:
	ReloadAssembly (1315ms)
		BeginReloadAssembly (248ms)
			ExecutionOrderSort (0ms)
			DisableScriptedObjects (5ms)
			BackupInstance (0ms)
			ReleaseScriptingObjects (0ms)
			CreateAndSetChildDomain (43ms)
		EndReloadAssembly (982ms)
			LoadAssemblies (225ms)
			RebuildTransferFunctionScriptingTraits (0ms)
			SetupTypeCache (316ms)
			ReleaseScriptCaches (2ms)
			RebuildScriptCaches (47ms)
			SetupLoadedEditorAssemblies (386ms)
				LogAssemblyErrors (0ms)
				InitializePlatformSupportModulesInManaged (5ms)
				SetLoadedEditorAssemblies (1ms)
				RefreshPlugins (1ms)
				BeforeProcessingInitializeOnLoad (99ms)
				ProcessInitializeOnLoadAttributes (253ms)
				ProcessInitializeOnLoadMethodAttributes (12ms)
				AfterProcessingInitializeOnLoad (14ms)
				EditorAssembliesLoaded (0ms)
			ExecutionOrderSort2 (0ms)
			AwakeInstancesAfterBackupRestoration (6ms)
Platform modules already initialized, skipping
Refreshing native plugins compatible for Editor in 0.85 ms, found 2 plugins.
Preloading 0 native plugins for Editor in 0.00 ms.
Unloading 2105 Unused Serialized files (Serialized files now loaded: 0)
System memory in use before: 101.5 MB.
System memory in use after: 101.2 MB.

Unloading 15 unused Assets to reduce memory usage. Loaded Objects now: 2636.
Total: 6.160600 ms (FindLiveObjects: 0.418800 ms CreateObjectMapping: 0.282800 ms MarkObjects: 5.027700 ms  DeleteObjects: 0.429600 ms)

AssetImportParameters requested are different than current active one (requested -> active):
  custom:framework-win-MediaFoundation: 216162199b28c13a410421893ffa2e32 -> 
  custom:video-decoder-ogg-theora: a1e56fd34408186e4bbccfd4996cb3dc -> 
  custom:container-muxer-webm: aa71ff27fc2769a1b78a27578f13a17b -> 
  custom:container-demuxer-webm: 4f35f7cbe854078d1ac9338744f61a02 -> 
  custom:container-demuxer-ogg: 62fdf1f143b41e24485cea50d1cbac27 -> 
  custom:video-encoder-webm-vp8: eb34c28f22e8b96e1ab97ce403110664 -> 
  custom:video-decoder-webm-vp8: 9c59270c3fd7afecdb556c50c9e8de78 -> 
  custom:audio-decoder-ogg-vorbis: bf7c407c2cedff20999df2af8eb42d56 -> 
  custom:audio-encoder-webm-vorbis: bf7c407c2cedff20999df2af8eb42d56 -> 
========================================================================
Received Import Request.
  Time since last request: 37.919924 seconds.
  path: Assets/Scenes/SampleScene.unity
  artifactKey: Guid(9fc0d4010bbf28b4594072e72b8655ab) Importer(815301076,1909f56bfc062723c751e8b465ee728b)
Start importing Assets/Scenes/SampleScene.unity using Guid(9fc0d4010bbf28b4594072e72b8655ab) Importer(815301076,1909f56bfc062723c751e8b465ee728b)  -> (artifact id: '3f17d974969c7024a04070cb2463d58a') in 0.028111 seconds 
